[2017-04-12 19:14:38] __rvm_set_executable
__rvm_set_executable () 
{ 
    for __file in "$@";
    do
        [[ -x "${__file}" ]] || chmod +x "${__file}";
    done
}
current path: /home/ec2-user/.rvm/src/ruby-2.4.0
GEM_HOME=/home/ec2-user/.rvm/gems/ruby-2.1.10
PATH=/home/ec2-user/.rvm/gems/ruby-2.1.10/bin:/home/ec2-user/.rvm/gems/ruby-2.1.10@global/bin:/home/ec2-user/.rvm/rubies/ruby-2.1.10/bin:/usr/local/bin:/bin:/usr/bin:/usr/local/sbin:/usr/sbin:/sbin:/opt/aws/bin:/home/ec2-user/.rvm/bin:/home/ec2-user/.local/bin:/home/ec2-user/bin
GEM_PATH=/home/ec2-user/.rvm/gems/ruby-2.1.10:/home/ec2-user/.rvm/gems/ruby-2.1.10@global
command(8): __rvm_set_executable /home/ec2-user/.rvm/rubies/ruby-2.4.0/bin/erb /home/ec2-user/.rvm/rubies/ruby-2.4.0/bin/gem /home/ec2-user/.rvm/rubies/ruby-2.4.0/bin/irb /home/ec2-user/.rvm/rubies/ruby-2.4.0/bin/rake /home/ec2-user/.rvm/rubies/ruby-2.4.0/bin/rdoc /home/ec2-user/.rvm/rubies/ruby-2.4.0/bin/ri /home/ec2-user/.rvm/rubies/ruby-2.4.0/bin/ruby
++ for __file in '"$@"'
++ [[ -x /home/ec2-user/.rvm/rubies/ruby-2.4.0/bin/erb ]]
++ for __file in '"$@"'
++ [[ -x /home/ec2-user/.rvm/rubies/ruby-2.4.0/bin/gem ]]
++ for __file in '"$@"'
++ [[ -x /home/ec2-user/.rvm/rubies/ruby-2.4.0/bin/irb ]]
++ for __file in '"$@"'
++ [[ -x /home/ec2-user/.rvm/rubies/ruby-2.4.0/bin/rake ]]
++ for __file in '"$@"'
++ [[ -x /home/ec2-user/.rvm/rubies/ruby-2.4.0/bin/rdoc ]]
++ for __file in '"$@"'
++ [[ -x /home/ec2-user/.rvm/rubies/ruby-2.4.0/bin/ri ]]
++ for __file in '"$@"'
++ [[ -x /home/ec2-user/.rvm/rubies/ruby-2.4.0/bin/ruby ]]
